INFO  2025-11-12 21:27:31,658 serena.cli:health_check:573 - Starting health check for project: /home/fabian/dev/r-projects/fmisc
INFO  2025-11-12 21:27:31,658 serena.cli:health_check:577 - Creating SerenaAgent with disabled dashboard...
INFO  2025-11-12 21:27:31,662 serena.agent:__init__:130 - Will record tool usage statistics with token count estimator: CHAR_COUNT.
INFO  2025-11-12 21:27:31,800 serena.agent:__init__:134 - Starting Serena server (version=0.1.4-3cff6776-dirty, process id=73238, parent process id=73209)
INFO  2025-11-12 21:27:31,800 serena.agent:__init__:135 - Configuration file: None
INFO  2025-11-12 21:27:31,800 serena.agent:__init__:136 - Available projects: 
INFO  2025-11-12 21:27:31,801 serena.agent:__init__:137 - Loaded tools (38): read_file, create_text_file, list_dir, find_file, replace_regex, delete_lines, replace_lines, insert_at_line, search_for_pattern, restart_language_server, get_symbols_overview, find_symbol, find_referencing_symbols, replace_symbol_body, insert_after_symbol, insert_before_symbol, rename_symbol, write_memory, read_memory, list_memories, delete_memory, edit_memory, execute_shell_command, activate_project, remove_project, switch_modes, get_current_config, check_onboarding_performed, onboarding, think_about_collected_information, think_about_task_adherence, think_about_whether_you_are_done, summarize_changes, prepare_for_new_conversation, initial_instructions, jet_brains_find_symbol, jet_brains_find_referencing_symbols, jet_brains_get_symbols_overview
INFO  2025-11-12 21:27:31,801 serena.config.serena_config:apply:110 - SerenaAgentContext[name='desktop-app'] included 1 tools: switch_modes
INFO  2025-11-12 21:27:31,802 serena.agent:__init__:151 - Number of exposed tools: 29
INFO  2025-11-12 21:27:31,835 serena.agent:_update_active_tools:382 - Active tools (29): activate_project, check_onboarding_performed, create_text_file, delete_memory, edit_memory, execute_shell_command, find_file, find_referencing_symbols, find_symbol, get_current_config, get_symbols_overview, initial_instructions, insert_after_symbol, insert_before_symbol, list_dir, list_memories, onboarding, prepare_for_new_conversation, read_file, read_memory, rename_symbol, replace_regex, replace_symbol_body, search_for_pattern, switch_modes, think_about_collected_information, think_about_task_adherence, think_about_whether_you_are_done, write_memory
INFO  2025-11-12 21:27:31,843 serena.util.file_system:start:360 - Loading of .gitignore files starting ...
INFO  2025-11-12 21:27:31,843 serena.util.file_system:_load_gitignore_files:148 - Processing .gitignore file: /home/fabian/dev/r-projects/fmisc/.gitignore
INFO  2025-11-12 21:27:31,844 serena.util.file_system:_load_gitignore_files:148 - Processing .gitignore file: /home/fabian/dev/r-projects/fmisc/.serena/.gitignore
INFO  2025-11-12 21:27:31,845 serena.util.file_system:stop:367 - Loading of .gitignore files completed in 0.002 seconds
INFO  2025-11-12 21:27:31,846 serena.agent:load_project_from_path_or_name:449 - Added new project fmisc for path /home/fabian/dev/r-projects/fmisc
INFO  2025-11-12 21:27:31,847 serena.agent:_activate_project:419 - Activating fmisc at /home/fabian/dev/r-projects/fmisc
INFO  2025-11-12 21:27:31,847 serena.agent:_update_active_tools:382 - Active tools (29): activate_project, check_onboarding_performed, create_text_file, delete_memory, edit_memory, execute_shell_command, find_file, find_referencing_symbols, find_symbol, get_current_config, get_symbols_overview, initial_instructions, insert_after_symbol, insert_before_symbol, list_dir, list_memories, onboarding, prepare_for_new_conversation, read_file, read_memory, rename_symbol, replace_regex, replace_symbol_body, search_for_pattern, switch_modes, think_about_collected_information, think_about_task_adherence, think_about_whether_you_are_done, write_memory
INFO  2025-11-12 21:27:31,848 serena.task_executor:issue_task:192 - Scheduling Task-1:init_language_server_manager
INFO  2025-11-12 21:27:31,848 serena.cli:health_check:580 - SerenaAgent created successfully
INFO  2025-11-12 21:27:31,848 serena.cli:health_check:583 - Searching for analyzable files...
INFO  2025-11-12 21:27:31,854 serena.cli:health_check:592 - Found analyzable file: README.Rmd
INFO  2025-11-12 21:27:31,854 serena.cli:health_check:610 - Testing GetSymbolsOverviewTool on file: README.Rmd
INFO  2025-11-12 21:27:31,854 serena.task_executor:issue_task:192 - Scheduling Task-2:<lambda>
INFO  2025-11-12 21:27:31,903 serena.task_executor:_process_task_queue:123 - Starting execution of Task-1:init_language_server_manager
INFO  2025-11-12 21:27:31,905 serena.task_executor:start:360 - Task-1:init_language_server_manager starting ...
INFO  2025-11-12 21:27:31,906 serena.agent:start:360 - Language server initialization starting ...
INFO  2025-11-12 21:27:31,906 serena.project:create_language_server_manager:384 - Creating language server manager for /home/fabian/dev/r-projects/fmisc
INFO  2025-11-12 21:27:31,907 sensai.util.logging:start:360 - Language server startup (language=r) starting ...
INFO  2025-11-12 21:27:31,908 serena.ls_manager:create_language_server:44 - Creating language server instance for /home/fabian/dev/r-projects/fmisc, language=r.
INFO  2025-11-12 21:27:32,829 solidlsp:load_cache:1597 - Loading document symbols cache from /home/fabian/dev/r-projects/fmisc/.serena/cache/r/document_symbols_cache_v23-06-25.pkl
INFO  2025-11-12 21:27:32,830 solidlsp:load_cache:1601 - Loaded 10 document symbols from cache.
INFO  2025-11-12 21:27:32,832 solidlsp:start:1689 - Starting language server with language r for /home/fabian/dev/r-projects/fmisc
INFO  2025-11-12 21:27:32,833 solidlsp:_start_server:149 - Starting R Language Server process
INFO  2025-11-12 21:27:32,833 solidlsp.ls_handler:start:193 - Starting language server process via command: R --vanilla --quiet --slave -e "options(languageserver.debug_mode = FALSE); languageserver::run()"
INFO  2025-11-12 21:27:32,837 solidlsp:_start_server:153 - Sending initialize request to R Language Server
INFO  2025-11-12 21:27:36,093 solidlsp:_start_server:164 - R LSP completion provider available
INFO  2025-11-12 21:27:36,094 solidlsp:_start_server:166 - R LSP definition provider available
INFO  2025-11-12 21:27:36,094 sensai.util.logging:stop:367 - Language server startup (language=r) completed in 4.187 seconds
INFO  2025-11-12 21:27:36,095 serena.agent:stop:367 - Language server initialization completed in 4.189 seconds
INFO  2025-11-12 21:27:36,095 serena.task_executor:stop:367 - Task-1:init_language_server_manager completed in 4.190 seconds
INFO  2025-11-12 21:27:36,096 serena.task_executor:_process_task_queue:123 - Starting execution of Task-2:<lambda>
INFO  2025-11-12 21:27:36,098 serena.task_executor:start:360 - Task-2:<lambda> starting ...
