INFO  2025-11-12 11:57:54,013 serena.cli:health_check:573 - Starting health check for project: /home/fabian/dev/r-projects/fmisc
INFO  2025-11-12 11:57:54,014 serena.cli:health_check:577 - Creating SerenaAgent with disabled dashboard...
INFO  2025-11-12 11:57:54,021 serena.agent:__init__:130 - Will record tool usage statistics with token count estimator: CHAR_COUNT.
INFO  2025-11-12 11:57:54,169 serena.agent:__init__:134 - Starting Serena server (version=0.1.4-11211517-dirty, process id=19277, parent process id=17966)
INFO  2025-11-12 11:57:54,169 serena.agent:__init__:135 - Configuration file: None
INFO  2025-11-12 11:57:54,169 serena.agent:__init__:136 - Available projects: 
INFO  2025-11-12 11:57:54,170 serena.agent:__init__:137 - Loaded tools (38): read_file, create_text_file, list_dir, find_file, replace_regex, delete_lines, replace_lines, insert_at_line, search_for_pattern, restart_language_server, get_symbols_overview, find_symbol, find_referencing_symbols, replace_symbol_body, insert_after_symbol, insert_before_symbol, rename_symbol, write_memory, read_memory, list_memories, delete_memory, edit_memory, execute_shell_command, activate_project, remove_project, switch_modes, get_current_config, check_onboarding_performed, onboarding, think_about_collected_information, think_about_task_adherence, think_about_whether_you_are_done, summarize_changes, prepare_for_new_conversation, initial_instructions, jet_brains_find_symbol, jet_brains_find_referencing_symbols, jet_brains_get_symbols_overview
INFO  2025-11-12 11:57:54,170 serena.config.serena_config:apply:110 - SerenaAgentContext[name='desktop-app'] included 1 tools: switch_modes
INFO  2025-11-12 11:57:54,171 serena.agent:__init__:151 - Number of exposed tools: 29
INFO  2025-11-12 11:57:54,343 serena.agent:_update_active_tools:382 - Active tools (29): activate_project, check_onboarding_performed, create_text_file, delete_memory, edit_memory, execute_shell_command, find_file, find_referencing_symbols, find_symbol, get_current_config, get_symbols_overview, initial_instructions, insert_after_symbol, insert_before_symbol, list_dir, list_memories, onboarding, prepare_for_new_conversation, read_file, read_memory, rename_symbol, replace_regex, replace_symbol_body, search_for_pattern, switch_modes, think_about_collected_information, think_about_task_adherence, think_about_whether_you_are_done, write_memory
INFO  2025-11-12 11:57:54,368 serena.util.file_system:start:360 - Loading of .gitignore files starting ...
INFO  2025-11-12 11:57:54,369 serena.util.file_system:_load_gitignore_files:148 - Processing .gitignore file: /home/fabian/dev/r-projects/fmisc/.gitignore
INFO  2025-11-12 11:57:54,371 serena.util.file_system:_load_gitignore_files:148 - Processing .gitignore file: /home/fabian/dev/r-projects/fmisc/.serena/.gitignore
INFO  2025-11-12 11:57:54,383 serena.util.file_system:stop:367 - Loading of .gitignore files completed in 0.015 seconds
INFO  2025-11-12 11:57:54,386 serena.agent:load_project_from_path_or_name:449 - Added new project fmisc for path /home/fabian/dev/r-projects/fmisc
INFO  2025-11-12 11:57:54,386 serena.agent:_activate_project:419 - Activating fmisc at /home/fabian/dev/r-projects/fmisc
INFO  2025-11-12 11:57:54,388 serena.agent:_update_active_tools:382 - Active tools (29): activate_project, check_onboarding_performed, create_text_file, delete_memory, edit_memory, execute_shell_command, find_file, find_referencing_symbols, find_symbol, get_current_config, get_symbols_overview, initial_instructions, insert_after_symbol, insert_before_symbol, list_dir, list_memories, onboarding, prepare_for_new_conversation, read_file, read_memory, rename_symbol, replace_regex, replace_symbol_body, search_for_pattern, switch_modes, think_about_collected_information, think_about_task_adherence, think_about_whether_you_are_done, write_memory
INFO  2025-11-12 11:57:54,388 serena.task_executor:issue_task:192 - Scheduling Task-1:init_language_server_manager
INFO  2025-11-12 11:57:54,390 serena.cli:health_check:580 - SerenaAgent created successfully
INFO  2025-11-12 11:57:54,392 serena.cli:health_check:583 - Searching for analyzable files...
INFO  2025-11-12 11:57:54,407 serena.cli:health_check:592 - Found analyzable file: R/stop2.R
INFO  2025-11-12 11:57:54,408 serena.cli:health_check:610 - Testing GetSymbolsOverviewTool on file: R/stop2.R
INFO  2025-11-12 11:57:54,410 serena.task_executor:issue_task:192 - Scheduling Task-2:<lambda>
INFO  2025-11-12 11:57:54,474 serena.task_executor:_process_task_queue:123 - Starting execution of Task-1:init_language_server_manager
INFO  2025-11-12 11:57:54,476 serena.task_executor:start:360 - Task-1:init_language_server_manager starting ...
INFO  2025-11-12 11:57:54,478 serena.agent:start:360 - Language server initialization starting ...
INFO  2025-11-12 11:57:54,478 serena.project:create_language_server_manager:384 - Creating language server manager for /home/fabian/dev/r-projects/fmisc
INFO  2025-11-12 11:57:54,479 sensai.util.logging:start:360 - Language server startup (language=r) starting ...
INFO  2025-11-12 11:57:54,480 serena.ls_manager:create_language_server:44 - Creating language server instance for /home/fabian/dev/r-projects/fmisc, language=r.
INFO  2025-11-12 11:57:55,736 solidlsp:start:1683 - Starting language server with language r for /home/fabian/dev/r-projects/fmisc
INFO  2025-11-12 11:57:55,737 solidlsp:_start_server:149 - Starting R Language Server process
INFO  2025-11-12 11:57:55,737 solidlsp.ls_handler:start:193 - Starting language server process via command: R --vanilla --quiet --slave -e "options(languageserver.debug_mode = FALSE); languageserver::run()"
INFO  2025-11-12 11:57:55,741 solidlsp:_start_server:153 - Sending initialize request to R Language Server
INFO  2025-11-12 11:57:59,848 solidlsp:_start_server:164 - R LSP completion provider available
INFO  2025-11-12 11:57:59,849 solidlsp:_start_server:166 - R LSP definition provider available
INFO  2025-11-12 11:57:59,850 sensai.util.logging:stop:367 - Language server startup (language=r) completed in 5.370 seconds
INFO  2025-11-12 11:57:59,850 serena.agent:stop:367 - Language server initialization completed in 5.372 seconds
INFO  2025-11-12 11:57:59,850 serena.task_executor:stop:367 - Task-1:init_language_server_manager completed in 5.374 seconds
INFO  2025-11-12 11:57:59,850 serena.task_executor:_process_task_queue:123 - Starting execution of Task-2:<lambda>
INFO  2025-11-12 11:57:59,851 serena.task_executor:start:360 - Task-2:<lambda> starting ...
INFO  2025-11-12 11:58:01,294 serena.task_executor:stop:367 - Task-2:<lambda> completed in 1.443 seconds
INFO  2025-11-12 11:58:01,294 serena.cli:health_check:613 - GetSymbolsOverviewTool returned 2 symbols
INFO  2025-11-12 11:58:01,295 serena.cli:health_check:638 - Using symbol for testing: simple_glue (kind: 12)
INFO  2025-11-12 11:58:01,295 serena.cli:health_check:641 - Testing FindSymbolTool for symbol: simple_glue
INFO  2025-11-12 11:58:01,295 serena.task_executor:issue_task:192 - Scheduling Task-3:<lambda>
INFO  2025-11-12 11:58:01,397 serena.task_executor:_process_task_queue:123 - Starting execution of Task-3:<lambda>
INFO  2025-11-12 11:58:01,397 serena.task_executor:start:360 - Task-3:<lambda> starting ...
INFO  2025-11-12 11:58:02,523 serena.task_executor:stop:367 - Task-3:<lambda> completed in 1.126 seconds
INFO  2025-11-12 11:58:02,523 serena.cli:health_check:646 - FindSymbolTool found 1 matches for symbol simple_glue
INFO  2025-11-12 11:58:02,524 serena.cli:health_check:649 - Testing FindReferencingSymbolsTool for symbol: simple_glue
INFO  2025-11-12 11:58:02,524 serena.task_executor:issue_task:192 - Scheduling Task-4:<lambda>
INFO  2025-11-12 11:58:02,624 serena.task_executor:_process_task_queue:123 - Starting execution of Task-4:<lambda>
INFO  2025-11-12 11:58:02,625 serena.task_executor:start:360 - Task-4:<lambda> starting ...
INFO  2025-11-12 11:58:07,795 serena.task_executor:stop:367 - Task-4:<lambda> completed in 5.170 seconds
INFO  2025-11-12 11:58:07,795 serena.cli:health_check:653 - FindReferencingSymbolsTool found 0 references for symbol simple_glue
INFO  2025-11-12 11:58:07,796 serena.cli:health_check:659 - Testing SearchForPatternTool for pattern: simple_glue
INFO  2025-11-12 11:58:07,796 serena.task_executor:issue_task:192 - Scheduling Task-5:<lambda>
INFO  2025-11-12 11:58:07,895 serena.task_executor:_process_task_queue:123 - Starting execution of Task-5:<lambda>
INFO  2025-11-12 11:58:07,896 serena.task_executor:start:360 - Task-5:<lambda> starting ...
INFO  2025-11-12 11:58:07,901 serena.text_utils:search_files:365 - Processing 5 files.
INFO  2025-11-12 11:58:07,982 serena.text_utils:search_files:406 - Found 28 total matches across 5 files
INFO  2025-11-12 11:58:07,983 serena.task_executor:stop:367 - Task-5:<lambda> completed in 0.087 seconds
INFO  2025-11-12 11:58:07,984 serena.cli:health_check:666 - SearchForPatternTool found 28 pattern matches for simple_glue
INFO  2025-11-12 11:58:07,985 serena.cli:health_check:680 - Health check completed successfully
